[INFO] Scanning for projects...
[INFO] 
[INFO] ------------------< SeleniumTestNG.com:MagentoWebApp >------------------
[INFO] Building MagnetoWebApp 0.0.1-SNAPSHOT
[INFO]   from pom.xml
[INFO] --------------------------------[ jar ]---------------------------------
[INFO] Loaded 22065 auto-discovered prefixes for remote repository central (prefixes-central.txt)
[INFO] Loaded 74 auto-discovered prefixes for remote repository apache.snapshots (prefixes-apache.snapshots-c1d4c55f9308e5ac18a4069bed41dca64d85c515.txt)
[WARNING] Version not locked for default bindings plugins [maven-clean-plugin, maven-resources-plugin], you should define versions in pluginManagement section of your pom.xml or parent
[INFO] 
[INFO] --- clean:3.4.0:clean (default-clean) @ MagentoWebApp ---
[INFO] Deleting /workspaces/MagentoWebApp/target
[INFO] 
[INFO] --- resources:3.3.1:resources (default-resources) @ MagentoWebApp ---
[INFO] skip non existing resourceDirectory /workspaces/MagentoWebApp/src/main/resources
[INFO] 
[INFO] --- compiler:3.11.0:compile (default-compile) @ MagentoWebApp ---
[INFO] No sources to compile
[INFO] 
[INFO] --- resources:3.3.1:testResources (default-testResources) @ MagentoWebApp ---
[INFO] skip non existing resourceDirectory /workspaces/MagentoWebApp/src/test/resources
[INFO] 
[INFO] --- compiler:3.11.0:testCompile (default-testCompile) @ MagentoWebApp ---
[INFO] Changes detected - recompiling the module! :source
[INFO] Compiling 5 source files with javac [debug release 17] to target/test-classes
[INFO] Annotation processing is enabled because one or more processors were found
  on the class path. A future release of javac may disable annotation processing
  unless at least one processor is specified by name (-processor), or a search
  path is specified (--processor-path, --processor-module-path), or annotation
  processing is enabled explicitly (-proc:only, -proc:full).
  Use -Xlint:-options to suppress this message.
  Use -proc:none to disable annotation processing.
[INFO] 
[INFO] --- surefire:3.2.5:test (default-test) @ MagentoWebApp ---
[INFO] Using auto detected provider org.apache.maven.surefire.testng.TestNGProvider
[INFO] 
[INFO] -------------------------------------------------------
[INFO]  T E S T S
[INFO] -------------------------------------------------------
[INFO] Running TestSuite
[WARNING] [stderr] SLF4J: Failed to load class "org.slf4j.impl.StaticLoggerBinder".
[WARNING] [stderr] SLF4J: Defaulting to no-operation (NOP) logger implementation
[WARNING] [stderr] SLF4J: See http://www.slf4j.org/codes.html#StaticLoggerBinder for further details.
[ERROR] 
Cannot instantiate class TestSteps.RegistrationTestSteps
[INFO] 
[INFO] Results:
[INFO] 
[INFO] Tests run: 0, Failures: 0, Errors: 0, Skipped: 0
[INFO] 
[INFO] ------------------------------------------------------------------------
[INFO] BUILD FAILURE
[INFO] ------------------------------------------------------------------------
[INFO] Total time:  6.252 s
[INFO] Finished at: 2026-02-06T15:10:59Z
[INFO] ------------------------------------------------------------------------
[ERROR] Failed to execute goal org.apache.maven.plugins:maven-surefire-plugin:3.2.5:test (default-test) on project MagentoWebApp: 
[ERROR] 
[ERROR] Please refer to /workspaces/MagentoWebApp/target/surefire-reports for the individual test results.
[ERROR] Please refer to dump files (if any exist) [date].dump, [date]-jvmRun[N].dump and [date].dumpstream.
[ERROR] There was an error in the forked process
[ERROR] 
[ERROR] Cannot instantiate class TestSteps.RegistrationTestSteps
[ERROR] org.apache.maven.surefire.booter.SurefireBooterForkException: There was an error in the forked process
[ERROR] 
[ERROR] Cannot instantiate class TestSteps.RegistrationTestSteps
[ERROR] 	at org.apache.maven.plugin.surefire.booterclient.ForkStarter.fork(ForkStarter.java:628)
[ERROR] 	at org.apache.maven.plugin.surefire.booterclient.ForkStarter.run(ForkStarter.java:285)
[ERROR] 	at org.apache.maven.plugin.surefire.booterclient.ForkStarter.run(ForkStarter.java:250)
[ERROR] 	at org.apache.maven.plugin.surefire.AbstractSurefireMojo.executeProvider(AbstractSurefireMojo.java:1241)
[ERROR] 	at org.apache.maven.plugin.surefire.AbstractSurefireMojo.executeAfterPreconditionsChecked(AbstractSurefireMojo.java:1090)
[ERROR] 	at org.apache.maven.plugin.surefire.AbstractSurefireMojo.execute(AbstractSurefireMojo.java:910)
[ERROR] 	at org.apache.maven.plugin.DefaultBuildPluginManager.executeMojo(DefaultBuildPluginManager.java:153)
[ERROR] 	at org.apache.maven.lifecycle.internal.MojoExecutor.doExecute2(MojoExecutor.java:339)
[ERROR] 	at org.apache.maven.lifecycle.internal.MojoExecutor.doExecute(MojoExecutor.java:310)
[ERROR] 	at org.apache.maven.lifecycle.internal.MojoExecutor.execute(MojoExecutor.java:214)
[ERROR] 	at org.apache.maven.lifecycle.internal.MojoExecutor.execute(MojoExecutor.java:179)
[ERROR] 	at org.apache.maven.lifecycle.internal.MojoExecutor$1.run(MojoExecutor.java:168)
[ERROR] 	at org.apache.maven.plugin.DefaultMojosExecutionStrategy.execute(DefaultMojosExecutionStrategy.java:39)
[ERROR] 	at org.apache.maven.lifecycle.internal.MojoExecutor.execute(MojoExecutor.java:165)
[ERROR] 	at org.apache.maven.lifecycle.internal.LifecycleModuleBuilder.buildProject(LifecycleModuleBuilder.java:110)
[ERROR] 	at org.apache.maven.lifecycle.internal.LifecycleModuleBuilder.buildProject(LifecycleModuleBuilder.java:76)
[ERROR] 	at org.apache.maven.lifecycle.internal.builder.singlethreaded.SingleThreadedBuilder.build(SingleThreadedBuilder.java:61)
[ERROR] 	at org.apache.maven.lifecycle.internal.DefaultLifecycleStarter.execute(DefaultLifecycleStarter.java:123)
[ERROR] 	at org.apache.maven.DefaultMaven.doExecute(DefaultMaven.java:310)
[ERROR] 	at org.apache.maven.DefaultMaven.doExecute(DefaultMaven.java:225)
[ERROR] 	at org.apache.maven.DefaultMaven.execute(DefaultMaven.java:149)
[ERROR] 	at org.apache.maven.cling.invoker.mvn.MavenInvoker.doExecute(MavenInvoker.java:452)
[ERROR] 	at org.apache.maven.cling.invoker.mvn.MavenInvoker.execute(MavenInvoker.java:97)
[ERROR] 	at org.apache.maven.cling.invoker.mvn.MavenInvoker.execute(MavenInvoker.java:81)
[ERROR] 	at org.apache.maven.cling.invoker.LookupInvoker.doInvoke(LookupInvoker.java:165)
[ERROR] 	at org.apache.maven.cling.invoker.LookupInvoker.invoke(LookupInvoker.java:134)
[ERROR] 	at org.apache.maven.cling.ClingSupport.run(ClingSupport.java:76)
[ERROR] 	at org.apache.maven.cling.MavenCling.main(MavenCling.java:51)
[ERROR] 	at java.base/jdk.internal.reflect.DirectMethodHandleAccessor.invoke(DirectMethodHandleAccessor.java:103)
[ERROR] 	at java.base/java.lang.reflect.Method.invoke(Method.java:580)
[ERROR] 	at org.codehaus.plexus.classworlds.launcher.Launcher.launchEnhanced(Launcher.java:255)
[ERROR] 	at org.codehaus.plexus.classworlds.launcher.Launcher.launch(Launcher.java:201)
[ERROR] 	at org.codehaus.plexus.classworlds.launcher.Launcher.mainWithExitCode(Launcher.java:361)
[ERROR] 	at org.codehaus.plexus.classworlds.launcher.Launcher.main(Launcher.java:314)
[ERROR] -> [Help 1]
[ERROR] 
[ERROR] To see the full stack trace of the errors, re-run Maven with the '-e' switch
[ERROR] Re-run Maven using the '-X' switch to enable verbose output
[ERROR] 
[ERROR] For more information about the errors and possible solutions, please read the following articles:
[ERROR] [Help 1] http://cwiki.apache.org/confluence/display/MAVEN/MojoExecutionException
